Seeds set to 7 (deterministic=True)
Evaluating complexity__sparseness.
<class 'list'>
Evaluating robustness__avg_sensitivity.
<class 'list'>
Evaluating faithfulness__corr.
<class 'list'>
Evaluating randomisation__random_logit.
<class 'list'>
quantus(clean) stored under /sc/home/michele.marschner/project/explanation_shift/experiments/experiment__n1000__GradCAM__seed7/03__quantus/03__quantus__clean__sev0.pt
 labels corresponding both domains 545 from 1000
 labels correct in both domains 529 from 1000
Evaluating complexity__sparseness.
<class 'list'>
Evaluating robustness__avg_sensitivity.
<class 'list'>
Evaluating faithfulness__corr.
<class 'list'>
Evaluating randomisation__random_logit.
<class 'list'>
Evaluating complexity__sparseness.
<class 'list'>
Evaluating robustness__avg_sensitivity.
<class 'list'>
Evaluating faithfulness__corr.
<class 'list'>
Evaluating randomisation__random_logit.
<class 'list'>
Evaluating complexity__sparseness.
<class 'list'>
Evaluating robustness__avg_sensitivity.
<class 'list'>
Evaluating faithfulness__corr.
<class 'list'>
Evaluating randomisation__random_logit.
<class 'list'>
quantus stored under /sc/home/michele.marschner/project/explanation_shift/experiments/experiment__n1000__GradCAM__seed7/03__quantus/03__quantus__gaussian_noise__sev3.pt
