Seeds set to 42 (deterministic=True)
quantus(clean) stored under /sc/home/michele.marschner/project/explanation_shift/experiments/experiment__n1000__GradCAM__seed42/03__quantus/03__quantus__clean__sev0.pt
 labels corresponding both domains 664 from 1000
 labels correct in both domains 632 from 1000
Evaluating complexity__sparseness.
<class 'list'>
Evaluating robustness__avg_sensitivity.
<class 'list'>
Evaluating faithfulness__corr.
<class 'list'>
Evaluating randomisation__random_logit.
<class 'list'>
Evaluating complexity__sparseness.
<class 'list'>
Evaluating robustness__avg_sensitivity.
<class 'list'>
Evaluating faithfulness__corr.
<class 'list'>
Evaluating randomisation__random_logit.
<class 'list'>
Evaluating complexity__sparseness.
<class 'list'>
Evaluating robustness__avg_sensitivity.
<class 'list'>
Evaluating faithfulness__corr.
<class 'list'>
Evaluating randomisation__random_logit.
<class 'list'>
quantus stored under /sc/home/michele.marschner/project/explanation_shift/experiments/experiment__n1000__GradCAM__seed42/03__quantus/03__quantus__fog__sev5.pt
