Seeds set to 1200 (deterministic=True)
quantus(clean) stored under /sc/home/michele.marschner/project/explanation_shift/experiments/experiment__n1000__IG__seed1200/03__quantus/03__quantus__clean__sev0.pt
 labels corresponding both domains 974 from 1000
 labels correct in both domains 920 from 1000
Evaluating complexity__sparseness.
<class 'list'>
Evaluating robustness__avg_sensitivity.
<class 'list'>
Evaluating faithfulness__corr.
<class 'list'>
Evaluating randomisation__random_logit.
<class 'list'>
Evaluating complexity__sparseness.
<class 'list'>
Evaluating robustness__avg_sensitivity.
<class 'list'>
Evaluating faithfulness__corr.
<class 'list'>
Evaluating randomisation__random_logit.
<class 'list'>
Evaluating complexity__sparseness.
<class 'list'>
Evaluating robustness__avg_sensitivity.
<class 'list'>
Evaluating faithfulness__corr.
<class 'list'>
Evaluating randomisation__random_logit.
<class 'list'>
quantus stored under /sc/home/michele.marschner/project/explanation_shift/experiments/experiment__n1000__IG__seed1200/03__quantus/03__quantus__brightness__sev2.pt
