Seeds set to 42 (deterministic=True)
Evaluating complexity__sparseness.
<class 'list'>
Evaluating robustness__avg_sensitivity.
<class 'list'>
Evaluating faithfulness__corr.
Encountered a RuntimeWarning in numpy operation during normalise_by_negative, although both nan and inf values should be impossible here.If this occurred, please try to use a different normalisation function, e.g., normalising by maximum of unsigned array.
-----------------------------------------------------DEBUG OUTPUT------------------------------------------------------
a_max: [[[[6.4804688]]]]
a_min: [[[[0.]]]]
np.logical_and(a_min < 0.0, a_max > 0.0): [[[[False]]]]
(a > 0.0): [[[[ True  True  True ...  True  True  True]
   [ True  True  True ...  True  True  True]
   [ True  True  True ...  True  True  True]
   ...
   [ True  True  True ...  True  True  True]
   [ True  True  True ...  True  True  True]
   [ True  True  True ...  True  True  True]]]


 [[[ True  True  True ...  True  True  True]
   [ True  True  True ...  True  True  True]
   [ True  True  True ...  True  True  True]
   ...
   [ True  True  True ...  True  True  True]
   [ True  True  True ...  True  True  True]
   [ True  True  True ...  True  True  True]]]


 [[[ True  True  True ...  True  True  True]
   [ True  True  True ...  True  True  True]
   [ True  True  True ...  True  True  True]
   ...
   [ True  True  True ...  True  True  True]
   [ True  True  True ...  True  True  True]
   [ True  True  True ...  True  True  True]]]


 ...


 [[[ True  True  True ...  True  True  True]
   [ True  True  True ...  True  True  True]
   [ True  True  True ...  True  True  True]
   ...
   [ True  True  True ...  True  True  True]
   [ True  True  True ...  True  True  True]
   [ True  True  True ...  True  True  True]]]


 [[[ True  True  True ...  True  True  True]
   [ True  True  True ...  True  True  True]
   [ True  True  True ...  True  True  True]
   ...
   [ True  True  True ...  True  True  True]
   [ True  True  True ...  True  True  True]
   [ True  True  True ...  True  True  True]]]


 [[[ True  True  True ...  True  True  True]
   [ True  True  True ...  True  True  True]
   [ True  True  True ...  True  True  True]
   ...
   [ True  True  True ...  True  True  True]
   [ True  True  True ...  True  True  True]
   [ True  True  True ...  True  True  True]]]]
np.divide(a, a_max, where=a_max != 0): [[[[1.25381444e-03 2.87729804e-03 2.70305900e-03 ... 1.16080849e-03
    8.95329460e-04 4.48547682e-04]
   [2.27334793e-03 2.81607895e-03 6.98839640e-03 ... 2.80430610e-03
    4.83572076e-04 1.27147383e-03]
   [8.82496964e-03 2.67980766e-04 3.45534761e-04 ... 5.25542488e-03
    4.67148889e-03 3.58838146e-03]
   ...
   [1.45795662e-02 1.09817665e-02 2.06072927e-02 ... 2.62535788e-04
    2.82844063e-04 1.45748572e-03]
   [2.55942973e-03 8.45765509e-03 1.91191975e-02 ... 1.83491775e-05
    3.80029390e-03 7.44047621e-03]
   [6.63403189e-04 4.18644492e-03 3.69904679e-03 ... 1.26676459e-03
    1.27618294e-03 3.58131784e-03]]]


 [[[1.49368730e-04 2.79724225e-03 2.24038400e-03 ... 1.90956530e-03
    3.23460583e-04 6.59282727e-04]
   [1.35035219e-03 5.83641755e-04 2.03200337e-03 ... 1.05220344e-04
    4.14406270e-04 4.56788723e-04]
   [1.61406538e-03 2.12265481e-03 6.86124945e-03 ... 1.98226291e-04
    1.27618294e-03 9.82301790e-05]
   ...
   [1.09429157e-03 3.67608969e-04 7.04019738e-04 ... 3.99690151e-04
    7.31207774e-06 2.60328379e-04]
   [6.41034683e-04 6.08659233e-04 2.52882019e-03 ... 1.91751198e-04
    9.84214945e-04 1.81185012e-03]
   [1.43864902e-03 2.30859314e-05 3.65195516e-03 ... 1.23380043e-03
    7.46990845e-04 1.05249777e-03]]]


 [[[4.17231768e-03 2.16739182e-03 6.70584710e-03 ... 9.98342410e-04
    4.99642082e-03 6.49864366e-03]
   [3.33173224e-03 1.45866303e-03 1.91662903e-03 ... 1.17446501e-02
    3.68727394e-03 3.48007074e-03]
   [6.06893271e-04 5.26484335e-03 2.00610305e-03 ... 2.21330626e-03
    8.72607715e-03 1.42805337e-03]
   ...
   [8.64572721e-05 1.97078427e-03 6.66935113e-04 ... 5.72634116e-03
    7.59587856e-03 3.80029390e-03]
   [5.83641755e-04 1.49044977e-03 1.03483838e-03 ... 2.94793560e-03
    1.83068682e-04 2.42521847e-03]
   [4.94462030e-04 1.19612715e-03 2.86081602e-04 ... 9.34180047e-04
    2.16739182e-03 1.57874660e-03]]]


 ...


 [[[4.87869186e-03 1.30443787e-03 3.08214664e-03 ... 4.66677966e-03
    1.03884116e-02 3.72730172e-03]
   [3.99336964e-03 2.69835000e-03 2.67480407e-03 ... 1.58051262e-04
    3.54128983e-03 6.54573552e-03]
   [8.99449980e-04 2.08615884e-03 2.17563286e-03 ... 7.85017293e-03
    3.53658083e-03 9.30059527e-04]
   ...
   [1.96372066e-03 3.53893545e-03 2.48172856e-03 ... 3.30112269e-03
    1.66468881e-03 1.71295775e-03]
   [6.11602445e-04 5.38257230e-03 1.15786528e-03 ... 3.52951698e-03
    2.65361276e-03 2.82365772e-06]
   [1.60582433e-03 5.54798171e-04 6.01301144e-04 ... 1.57756929e-03
    1.42334425e-03 8.94152152e-04]]]


 [[[2.24156119e-02 6.44684304e-03 1.94205847e-02 ... 1.19518535e-02
    1.65668316e-02 1.73179433e-03]
   [2.42050942e-02 6.63991878e-03 3.27875401e-04 ... 1.60582433e-03
    1.84316598e-02 6.32911408e-03]
   [1.67528447e-03 4.52079549e-02 1.77064491e-03 ... 4.01750382e-04
    1.20672281e-03 6.81062578e-04]
   ...
   [1.56579644e-03 1.59452222e-02 2.86882166e-02 ... 6.56928122e-03
    1.08016410e-03 7.36983900e-04]
   [3.52009875e-03 6.56928122e-03 2.58062081e-03 ... 1.03483838e-03
    1.27147383e-03 2.54294765e-03]
   [1.30561518e-03 4.38658474e-03 1.68234820e-03 ... 1.43574262e-05
    1.28206937e-03 9.81860328e-04]]]


 [[[4.93579078e-04 8.15862324e-04 3.28169728e-04 ... 3.00209096e-04
    1.53754139e-03 2.10852735e-03]
   [7.75834487e-04 1.27147383e-03 3.89609595e-05 ... 1.29855145e-03
    4.53992652e-05 1.70707132e-03]
   [4.42072604e-04 1.46572676e-03 2.87847535e-04 ... 1.81773654e-03
    1.27500563e-03 4.53845510e-04]
   ...
   [1.35341324e-02 1.41180679e-02 3.02516576e-02 ... 1.35152950e-03
    6.19254832e-04 3.32466839e-03]
   [9.06984601e-03 8.52358341e-03 1.11430546e-03 ... 1.18553161e-03
    3.58131784e-03 3.84738552e-03]
   [5.78638283e-04 3.09862872e-03 3.01857293e-03 ... 4.90223803e-03
    3.65666440e-03 2.63565918e-04]]]]
(a > 0.0) * np.divide(a, a_max, where=a_max != 0): [[[[1.25381444e-03 2.87729804e-03 2.70305900e-03 ... 1.16080849e-03
    8.95329460e-04 4.48547682e-04]
   [2.27334793e-03 2.81607895e-03 6.98839640e-03 ... 2.80430610e-03
    4.83572076e-04 1.27147383e-03]
   [8.82496964e-03 2.67980766e-04 3.45534761e-04 ... 5.25542488e-03
    4.67148889e-03 3.58838146e-03]
   ...
   [1.45795662e-02 1.09817665e-02 2.06072927e-02 ... 2.62535788e-04
    2.82844063e-04 1.45748572e-03]
   [2.55942973e-03 8.45765509e-03 1.91191975e-02 ... 1.83491775e-05
    3.80029390e-03 7.44047621e-03]
   [6.63403189e-04 4.18644492e-03 3.69904679e-03 ... 1.26676459e-03
    1.27618294e-03 3.58131784e-03]]]


 [[[1.49368730e-04 2.79724225e-03 2.24038400e-03 ... 1.90956530e-03
    3.23460583e-04 6.59282727e-04]
   [1.35035219e-03 5.83641755e-04 2.03200337e-03 ... 1.05220344e-04
    4.14406270e-04 4.56788723e-04]
   [1.61406538e-03 2.12265481e-03 6.86124945e-03 ... 1.98226291e-04
    1.27618294e-03 9.82301790e-05]
   ...
   [1.09429157e-03 3.67608969e-04 7.04019738e-04 ... 3.99690151e-04
    7.31207774e-06 2.60328379e-04]
   [6.41034683e-04 6.08659233e-04 2.52882019e-03 ... 1.91751198e-04
    9.84214945e-04 1.81185012e-03]
   [1.43864902e-03 2.30859314e-05 3.65195516e-03 ... 1.23380043e-03
    7.46990845e-04 1.05249777e-03]]]


 [[[4.17231768e-03 2.16739182e-03 6.70584710e-03 ... 9.98342410e-04
    4.99642082e-03 6.49864366e-03]
   [3.33173224e-03 1.45866303e-03 1.91662903e-03 ... 1.17446501e-02
    3.68727394e-03 3.48007074e-03]
   [6.06893271e-04 5.26484335e-03 2.00610305e-03 ... 2.21330626e-03
    8.72607715e-03 1.42805337e-03]
   ...
   [8.64572721e-05 1.97078427e-03 6.66935113e-04 ... 5.72634116e-03
    7.59587856e-03 3.80029390e-03]
   [5.83641755e-04 1.49044977e-03 1.03483838e-03 ... 2.94793560e-03
    1.83068682e-04 2.42521847e-03]
   [4.94462030e-04 1.19612715e-03 2.86081602e-04 ... 9.34180047e-04
    2.16739182e-03 1.57874660e-03]]]


 ...


 [[[4.87869186e-03 1.30443787e-03 3.08214664e-03 ... 4.66677966e-03
    1.03884116e-02 3.72730172e-03]
   [3.99336964e-03 2.69835000e-03 2.67480407e-03 ... 1.58051262e-04
    3.54128983e-03 6.54573552e-03]
   [8.99449980e-04 2.08615884e-03 2.17563286e-03 ... 7.85017293e-03
    3.53658083e-03 9.30059527e-04]
   ...
   [1.96372066e-03 3.53893545e-03 2.48172856e-03 ... 3.30112269e-03
    1.66468881e-03 1.71295775e-03]
   [6.11602445e-04 5.38257230e-03 1.15786528e-03 ... 3.52951698e-03
    2.65361276e-03 2.82365772e-06]
   [1.60582433e-03 5.54798171e-04 6.01301144e-04 ... 1.57756929e-03
    1.42334425e-03 8.94152152e-04]]]


 [[[2.24156119e-02 6.44684304e-03 1.94205847e-02 ... 1.19518535e-02
    1.65668316e-02 1.73179433e-03]
   [2.42050942e-02 6.63991878e-03 3.27875401e-04 ... 1.60582433e-03
    1.84316598e-02 6.32911408e-03]
   [1.67528447e-03 4.52079549e-02 1.77064491e-03 ... 4.01750382e-04
    1.20672281e-03 6.81062578e-04]
   ...
   [1.56579644e-03 1.59452222e-02 2.86882166e-02 ... 6.56928122e-03
    1.08016410e-03 7.36983900e-04]
   [3.52009875e-03 6.56928122e-03 2.58062081e-03 ... 1.03483838e-03
    1.27147383e-03 2.54294765e-03]
   [1.30561518e-03 4.38658474e-03 1.68234820e-03 ... 1.43574262e-05
    1.28206937e-03 9.81860328e-04]]]


 [[[4.93579078e-04 8.15862324e-04 3.28169728e-04 ... 3.00209096e-04
    1.53754139e-03 2.10852735e-03]
   [7.75834487e-04 1.27147383e-03 3.89609595e-05 ... 1.29855145e-03
    4.53992652e-05 1.70707132e-03]
   [4.42072604e-04 1.46572676e-03 2.87847535e-04 ... 1.81773654e-03
    1.27500563e-03 4.53845510e-04]
   ...
   [1.35341324e-02 1.41180679e-02 3.02516576e-02 ... 1.35152950e-03
    6.19254832e-04 3.32466839e-03]
   [9.06984601e-03 8.52358341e-03 1.11430546e-03 ... 1.18553161e-03
    3.58131784e-03 3.84738552e-03]
   [5.78638283e-04 3.09862872e-03 3.01857293e-03 ... 4.90223803e-03
    3.65666440e-03 2.63565918e-04]]]]
(a < 0.0): [[[[ True  True  True ...  True  True  True]
   [ True  True  True ...  True  True  True]
   [ True  True  True ...  True  True  True]
   ...
   [ True  True  True ...  True  True  True]
   [ True  True  True ...  True  True  True]
   [ True  True  True ...  True  True  True]]]


 [[[ True  True  True ...  True  True  True]
   [ True  True  True ...  True  True  True]
   [ True  True  True ...  True  True  True]
   ...
   [ True  True  True ...  True  True  True]
   [ True  True  True ...  True  True  True]
   [ True  True  True ...  True  True  True]]]


 [[[ True  True  True ...  True  True  True]
   [ True  True  True ...  True  True  True]
   [ True  True  True ...  True  True  True]
   ...
   [ True  True  True ...  True  True  True]
   [ True  True  True ...  True  True  True]
   [ True  True  True ...  True  True  True]]]


 ...


 [[[ True  True  True ...  True  True  True]
   [ True  True  True ...  True  True  True]
   [ True  True  True ...  True  True  True]
   ...
   [ True  True  True ...  True  True  True]
   [ True  True  True ...  True  True  True]
   [ True  True  True ...  True  True  True]]]


 [[[ True  True  True ...  True  True  True]
   [ True  True  True ...  True  True  True]
   [ True  True  True ...  True  True  True]
   ...
   [ True  True  True ...  True  True  True]
   [ True  True  True ...  True  True  True]
   [ True  True  True ...  True  True  True]]]


 [[[ True  True  True ...  True  True  True]
   [ True  True  True ...  True  True  True]
   [ True  True  True ...  True  True  True]
   ...
   [ True  True  True ...  True  True  True]
   [ True  True  True ...  True  True  True]
   [ True  True  True ...  True  True  True]]]]
np.divide(a, a_min, where=a_min != 0): [[[[-3.71887777e+27  4.39979692e-41 -3.71887777e+27 ...  2.36942783e-38
     2.36942783e-38  2.36942783e-38]
   [ 2.36942783e-38  2.36942783e-38  2.36942783e-38 ...  2.36942783e-38
     2.36942783e-38  2.36942783e-38]
   [ 2.36942783e-38  2.36942783e-38  2.36942783e-38 ...  2.36942783e-38
     2.36942783e-38  2.36942783e-38]
   ...
   [ 2.36942783e-38  2.36942783e-38  2.36942783e-38 ...  2.36942783e-38
     2.36942783e-38  2.36942783e-38]
   [ 2.36942783e-38  2.36942783e-38  2.36942783e-38 ...  2.36942783e-38
     2.36942783e-38  2.36942783e-38]
   [ 2.36942783e-38  2.36942783e-38  2.36942783e-38 ...  2.36942783e-38
     2.36942783e-38  2.36942783e-38]]]


 [[[ 2.36942783e-38  2.36942783e-38  2.36942783e-38 ...  2.36942783e-38
     2.36942783e-38  2.36942783e-38]
   [ 2.36942783e-38  2.36942783e-38  2.36942783e-38 ...  2.36942783e-38
     2.36942783e-38  2.36942783e-38]
   [ 2.36942783e-38  2.36942783e-38  2.36942783e-38 ...  2.36942783e-38
     2.36942783e-38  2.36942783e-38]
   ...
   [ 2.36942783e-38  2.36942783e-38  2.36942783e-38 ...  2.36942783e-38
     2.36942783e-38  2.36942783e-38]
   [ 2.36942783e-38  2.36942783e-38  2.36942783e-38 ...  2.36942783e-38
     2.36942783e-38  2.36942783e-38]
   [ 2.36942783e-38  2.36942783e-38  2.36942783e-38 ...  2.36942783e-38
     2.36942783e-38  2.36942783e-38]]]


 [[[ 2.36942783e-38  2.36942783e-38  2.36942783e-38 ...  2.36942783e-38
     2.36942783e-38  2.36942783e-38]
   [ 2.36942783e-38  2.36942783e-38  2.36942783e-38 ...  2.36942783e-38
     2.36942783e-38  2.36942783e-38]
   [ 2.36942783e-38  2.36942783e-38  2.36942783e-38 ...  2.36942783e-38
     2.36942783e-38  2.36942783e-38]
   ...
   [ 2.36942783e-38  2.36942783e-38  2.36942783e-38 ...  2.36942783e-38
     2.36942783e-38  2.36942783e-38]
   [ 2.36942783e-38  2.36942783e-38  2.36942783e-38 ...  2.36942783e-38
     2.36942783e-38  2.36942783e-38]
   [ 2.36942783e-38  2.36942783e-38  2.36942783e-38 ...  2.36942783e-38
     2.36942783e-38  2.36942783e-38]]]


 ...


 [[[ 4.87869186e-03  1.30443787e-03  3.08214664e-03 ...  4.66677966e-03
     1.03884116e-02  3.72730172e-03]
   [ 3.99336964e-03  2.69835000e-03  2.67480407e-03 ...  1.58051262e-04
     3.54128983e-03  6.54573552e-03]
   [ 8.99449980e-04  2.08615884e-03  2.17563286e-03 ...  7.85017293e-03
     3.53658083e-03  9.30059527e-04]
   ...
   [ 1.96372066e-03  3.53893545e-03  2.48172856e-03 ...  3.30112269e-03
     1.66468881e-03  1.71295775e-03]
   [ 6.11602445e-04  5.38257230e-03  1.15786528e-03 ...  3.52951698e-03
     2.65361276e-03  2.82365772e-06]
   [ 1.60582433e-03  5.54798171e-04  6.01301144e-04 ...  1.57756929e-03
     1.42334425e-03  8.94152152e-04]]]


 [[[ 2.24156119e-02  6.44684304e-03  1.94205847e-02 ...  1.19518535e-02
     1.65668316e-02  1.73179433e-03]
   [ 2.42050942e-02  6.63991878e-03  3.27875401e-04 ...  1.60582433e-03
     1.84316598e-02  6.32911408e-03]
   [ 1.67528447e-03  4.52079549e-02  1.77064491e-03 ...  4.01750382e-04
     1.20672281e-03  6.81062578e-04]
   ...
   [ 1.56579644e-03  1.59452222e-02  2.86882166e-02 ...  6.56928122e-03
     1.08016410e-03  7.36983900e-04]
   [ 3.52009875e-03  6.56928122e-03  2.58062081e-03 ...  1.03483838e-03
     1.27147383e-03  2.54294765e-03]
   [ 1.30561518e-03  4.38658474e-03  1.68234820e-03 ...  1.43574262e-05
     1.28206937e-03  9.81860328e-04]]]


 [[[ 4.93579078e-04  8.15862324e-04  3.28169728e-04 ...  3.00209096e-04
     1.53754139e-03  2.10852735e-03]
   [ 7.75834487e-04  1.27147383e-03  3.89609595e-05 ...  1.29855145e-03
     4.53992652e-05  1.70707132e-03]
   [ 4.42072604e-04  1.46572676e-03  2.87847535e-04 ...  1.81773654e-03
     1.27500563e-03  4.53845510e-04]
   ...
   [ 1.35341324e-02  1.41180679e-02  3.02516576e-02 ...  1.35152950e-03
     6.19254832e-04  3.32466839e-03]
   [ 9.06984601e-03  8.52358341e-03  1.11430546e-03 ...  1.18553161e-03
     3.58131784e-03  3.84738552e-03]
   [ 5.78638283e-04  3.09862872e-03  3.01857293e-03 ...  4.90223803e-03
     3.65666440e-03  2.63565918e-04]]]]
(a < 0.0) * np.divide(a, a_min, where=a_min != 0): [[[[0. 0. 0. ... 0. 0. 0.]
   [0. 0. 0. ... 0. 0. 0.]
   [0. 0. 0. ... 0. 0. 0.]
   ...
   [0. 0. 0. ... 0. 0. 0.]
   [0. 0. 0. ... 0. 0. 0.]
   [0. 0. 0. ... 0. 0. 0.]]]


 [[[0. 0. 0. ... 0. 0. 0.]
   [0. 0. 0. ... 0. 0. 0.]
   [0. 0. 0. ... 0. 0. 0.]
   ...
   [0. 0. 0. ... 0. 0. 0.]
   [0. 0. 0. ... 0. 0. 0.]
   [0. 0. 0. ... 0. 0. 0.]]]


 [[[0. 0. 0. ... 0. 0. 0.]
   [0. 0. 0. ... 0. 0. 0.]
   [0. 0. 0. ... 0. 0. 0.]
   ...
   [0. 0. 0. ... 0. 0. 0.]
   [0. 0. 0. ... 0. 0. 0.]
   [0. 0. 0. ... 0. 0. 0.]]]


 ...


 [[[0. 0. 0. ... 0. 0. 0.]
   [0. 0. 0. ... 0. 0. 0.]
   [0. 0. 0. ... 0. 0. 0.]
   ...
   [0. 0. 0. ... 0. 0. 0.]
   [0. 0. 0. ... 0. 0. 0.]
   [0. 0. 0. ... 0. 0. 0.]]]


 [[[0. 0. 0. ... 0. 0. 0.]
   [0. 0. 0. ... 0. 0. 0.]
   [0. 0. 0. ... 0. 0. 0.]
   ...
   [0. 0. 0. ... 0. 0. 0.]
   [0. 0. 0. ... 0. 0. 0.]
   [0. 0. 0. ... 0. 0. 0.]]]


 [[[0. 0. 0. ... 0. 0. 0.]
   [0. 0. 0. ... 0. 0. 0.]
   [0. 0. 0. ... 0. 0. 0.]
   ...
   [0. 0. 0. ... 0. 0. 0.]
   [0. 0. 0. ... 0. 0. 0.]
   [0. 0. 0. ... 0. 0. 0.]]]]
